<?xml version="1.0" encoding="UTF-8"?>
<!-- Generated by org.testng.reporters.JUnitXMLReporter -->
<testsuite hostname="SHIRIDIX03" ignored="0" name="Test" tests="3" failures="0" timestamp="28 Apr 2020 08:16:50 GMT" time="21.942" errors="0">
  <testcase name="browserLaunch" time="9.67" classname="AutomationDemo.DemoSite.BrowserLaunch"/>
  <testcase name="browserLaunch" time="9.501" classname="AutomationDemo.DemoSite.BrowserLaunch"/>
  <testcase name="testone" time="2.735" classname="Testcases.IndexTest"/>
</testsuite> <!-- Test -->
